[1.212s] colcon DEBUG Command line arguments: ['/usr/bin/colcon', 'list', '-n']
[1.212s] colcon DEBUG Parsed command line arguments: Namespace(base_paths=['.'], build_base='build', ignore_user_meta=False, log_base=None, log_level=None, main=<bound method ListVerb.main of <colcon_package_information.verb.list.ListVerb object at 0x7f67bbb0f730>>, metas=['./colcon.meta'], names_only=True, packages_above=None, packages_above_and_dependencies=None, packages_above_depth=None, packages_end=None, packages_ignore=None, packages_ignore_regex=None, packages_select=None, packages_select_build_failed=False, packages_select_by_dep=None, packages_select_regex=None, packages_select_test_failures=False, packages_skip=None, packages_skip_build_finished=False, packages_skip_by_dep=None, packages_skip_regex=None, packages_skip_test_passed=False, packages_skip_up_to=None, packages_start=None, packages_up_to=None, packages_up_to_regex=None, paths=None, paths_only=False, topological_graph=False, topological_graph_density=False, topological_graph_dot=False, topological_graph_dot_cluster=False, topological_graph_dot_include_skipped=False, topological_graph_legend=False, topological_order=False, verb_extension=<colcon_package_information.verb.list.ListVerb object at 0x7f67bbb0f730>, verb_name='list', verb_parser=<colcon_defaults.argument_parser.defaults.DefaultArgumentsDecorator object at 0x7f67bba8d490>)
[1.282s] colcon.colcon_core.package_discovery Level 1 discover_packages(colcon_meta) check parameters
[1.283s] colcon.colcon_core.package_discovery Level 1 discover_packages(recursive) check parameters
[1.283s] colcon.colcon_core.package_discovery Level 1 discover_packages(ignore) check parameters
[1.283s] colcon.colcon_core.package_discovery Level 1 discover_packages(path) check parameters
[1.283s] colcon.colcon_core.package_discovery Level 1 discover_packages(colcon_meta) discover
[1.283s] colcon.colcon_core.package_discovery Level 1 discover_packages(recursive) discover
[1.283s] colcon.colcon_core.package_discovery INFO Crawling recursively for packages in '/home/song/angel_ss/src'
[1.283s] colcon.colcon_core.package_identification Level 1 _identify(.) by extensions ['ignore', 'ignore_ament_install']
[1.283s] colcon.colcon_core.package_identification Level 1 _identify(.) by extension 'ignore'
[1.283s] colcon.colcon_core.package_identification Level 1 _identify(.) by extension 'ignore_ament_install'
[1.283s] colcon.colcon_core.package_identification Level 1 _identify(.) by extensions ['colcon_pkg']
[1.283s] colcon.colcon_core.package_identification Level 1 _identify(.) by extension 'colcon_pkg'
[1.283s] colcon.colcon_core.package_identification Level 1 _identify(.) by extensions ['colcon_meta']
[1.283s] colcon.colcon_core.package_identification Level 1 _identify(.) by extension 'colcon_meta'
[1.283s] colcon.colcon_core.package_identification Level 1 _identify(.) by extensions ['ros']
[1.283s] colcon.colcon_core.package_identification Level 1 _identify(.) by extension 'ros'
[1.358s] colcon.colcon_core.package_identification Level 1 _identify(.) by extensions ['cmake', 'python']
[1.358s] colcon.colcon_core.package_identification Level 1 _identify(.) by extension 'cmake'
[1.358s] colcon.colcon_core.package_identification Level 1 _identify(.) by extension 'python'
[1.358s] colcon.colcon_core.package_identification Level 1 _identify(.) by extensions ['python_setup_py']
[1.358s] colcon.colcon_core.package_identification Level 1 _identify(.) by extension 'python_setup_py'
[1.358s] colcon.colcon_core.package_identification Level 1 _identify(angel_ss) by extensions ['ignore', 'ignore_ament_install']
[1.358s] colcon.colcon_core.package_identification Level 1 _identify(angel_ss) by extension 'ignore'
[1.358s] colcon.colcon_core.package_identification Level 1 _identify(angel_ss) by extension 'ignore_ament_install'
[1.359s] colcon.colcon_core.package_identification Level 1 _identify(angel_ss) by extensions ['colcon_pkg']
[1.359s] colcon.colcon_core.package_identification Level 1 _identify(angel_ss) by extension 'colcon_pkg'
[1.359s] colcon.colcon_core.package_identification Level 1 _identify(angel_ss) by extensions ['colcon_meta']
[1.359s] colcon.colcon_core.package_identification Level 1 _identify(angel_ss) by extension 'colcon_meta'
[1.359s] colcon.colcon_core.package_identification Level 1 _identify(angel_ss) by extensions ['ros']
[1.359s] colcon.colcon_core.package_identification Level 1 _identify(angel_ss) by extension 'ros'
[1.379s] colcon.colcon_core.package_identification DEBUG Package 'angel_ss' with type 'ros.ament_python' and name 'angel_ss'
[1.380s] colcon.colcon_core.package_identification Level 1 _identify(angel_update) by extensions ['ignore', 'ignore_ament_install']
[1.380s] colcon.colcon_core.package_identification Level 1 _identify(angel_update) by extension 'ignore'
[1.381s] colcon.colcon_core.package_identification Level 1 _identify(angel_update) by extension 'ignore_ament_install'
[1.381s] colcon.colcon_core.package_identification Level 1 _identify(angel_update) by extensions ['colcon_pkg']
[1.381s] colcon.colcon_core.package_identification Level 1 _identify(angel_update) by extension 'colcon_pkg'
[1.381s] colcon.colcon_core.package_identification Level 1 _identify(angel_update) by extensions ['colcon_meta']
[1.381s] colcon.colcon_core.package_identification Level 1 _identify(angel_update) by extension 'colcon_meta'
[1.382s] colcon.colcon_core.package_identification Level 1 _identify(angel_update) by extensions ['ros']
[1.382s] colcon.colcon_core.package_identification Level 1 _identify(angel_update) by extension 'ros'
[1.385s] colcon.colcon_core.package_identification DEBUG Package 'angel_update' with type 'ros.ament_python' and name 'angel_update'
[1.386s] colcon.colcon_core.package_identification Level 1 _identify(log) by extensions ['ignore', 'ignore_ament_install']
[1.387s] colcon.colcon_core.package_identification Level 1 _identify(log) by extension 'ignore'
[1.387s] colcon.colcon_core.package_identification Level 1 _identify(log) ignored
[1.387s] colcon.colcon_core.package_discovery Level 1 discover_packages(recursive) using defaults
[1.388s] colcon.colcon_core.package_discovery Level 1 discover_packages(ignore) discover
[1.388s] colcon.colcon_core.package_discovery Level 1 discover_packages(ignore) using defaults
[1.389s] colcon.colcon_core.package_discovery Level 1 discover_packages(path) discover
[1.389s] colcon.colcon_core.package_discovery Level 1 discover_packages(path) using defaults
